# JRE version: OpenJDK Runtime Environment Temurin-17.0.6+10 (17.0.6+10) (build 17.0.6+10)
# Java VM: OpenJDK 64-Bit Server VM Temurin-17.0.6+10 (17.0.6+10, mixed mode, sharing, tiered, compressed oops, compressed class ptrs, g1 gc, windows-amd64)
GC Precious Log:
 CPUs: 4 total, 4 available
 Memory: 8142M
 Large Page Support: Disabled
 NUMA Support: Disabled
 Compressed Oops: Enabled (32-bit)
 Heap Region Size: 1M
 Heap Min Capacity: 8M
 Heap Initial Capacity: 128M
 Heap Max Capacity: 2G
 Pre-touch: Disabled
 Parallel Workers: 4
 Concurrent Workers: 1
 Concurrent Refinement Workers: 4
 Periodic GC: Disabled
Heap:
 garbage-first heap   total 148480K, used 76423K [0x0000000080000000, 0x0000000100000000)
  region size 1024K, 1 young (1024K), 1 survivors (1024K)
 Metaspace       used 73570K, committed 74368K, reserved 487424K
  class space    used 10112K, committed 10496K, reserved 421888K
GC Heap History (20 events):
Event: 24.463 GC heap after
{Heap after GC invocations=26 (full 0):
 garbage-first heap   total 94208K, used 54645K [0x0000000080000000, 0x0000000100000000)
  region size 1024K, 4 young (4096K), 4 survivors (4096K)
 Metaspace       used 59092K, committed 59776K, reserved 479232K
  class space    used 8294K, committed 8576K, reserved 421888K
}
Event: 25.607 GC heap before
{Heap before GC invocations=27 (full 0):
 garbage-first heap   total 101376K, used 76149K [0x0000000080000000, 0x0000000100000000)
  region size 1024K, 25 young (25600K), 4 survivors (4096K)
 Metaspace       used 61224K, committed 61888K, reserved 479232K
  class space    used 8598K, committed 8896K, reserved 421888K
}
Event: 25.619 GC heap after
{Heap after GC invocations=28 (full 0):
 garbage-first heap   total 101376K, used 56702K [0x0000000080000000, 0x0000000100000000)
  region size 1024K, 2 young (2048K), 2 survivors (2048K)
 Metaspace       used 61224K, committed 61888K, reserved 479232K
  class space    used 8598K, committed 8896K, reserved 421888K
}
Event: 26.223 GC heap before
{Heap before GC invocations=28 (full 0):
 garbage-first heap   total 101376K, used 70014K [0x0000000080000000, 0x0000000100000000)
  region size 1024K, 17 young (17408K), 2 survivors (2048K)
 Metaspace       used 61498K, committed 62208K, reserved 479232K
  class space    used 8617K, committed 8960K, reserved 421888K
}
Event: 26.232 GC heap after
{Heap after GC invocations=29 (full 0):
 garbage-first heap   total 121856K, used 57267K [0x0000000080000000, 0x0000000100000000)
  region size 1024K, 3 young (3072K), 3 survivors (3072K)
 Metaspace       used 61498K, committed 62208K, reserved 479232K
  class space    used 8617K, committed 8960K, reserved 421888K
}
Event: 27.814 GC heap before
{Heap before GC invocations=30 (full 0):
 garbage-first heap   total 121856K, used 101299K [0x0000000080000000, 0x0000000100000000)
  region size 1024K, 42 young (43008K), 3 survivors (3072K)
 Metaspace       used 66637K, committed 67264K, reserved 487424K
  class space    used 9239K, committed 9536K, reserved 421888K
}
Event: 27.825 GC heap after
{Heap after GC invocations=31 (full 0):
 garbage-first heap   total 121856K, used 67503K [0x0000000080000000, 0x0000000100000000)
  region size 1024K, 6 young (6144K), 6 survivors (6144K)
 Metaspace       used 66637K, committed 67264K, reserved 487424K
  class space    used 9239K, committed 9536K, reserved 421888K
}
Event: 27.840 GC heap before
{Heap before GC invocations=31 (full 0):
 garbage-first heap   total 121856K, used 67503K [0x0000000080000000, 0x0000000100000000)
  region size 1024K, 7 young (7168K), 6 survivors (6144K)
 Metaspace       used 66759K, committed 67456K, reserved 487424K
  class space    used 9261K, committed 9600K, reserved 421888K
}
Event: 27.845 GC heap after
{Heap after GC invocations=32 (full 0):
 garbage-first heap   total 121856K, used 68278K [0x0000000080000000, 0x0000000100000000)
  region size 1024K, 1 young (1024K), 1 survivors (1024K)
 Metaspace       used 66759K, committed 67456K, reserved 487424K
  class space    used 9261K, committed 9600K, reserved 421888K
}
Event: 28.351 GC heap before
{Heap before GC invocations=32 (full 0):
 garbage-first heap   total 121856K, used 81590K [0x0000000080000000, 0x0000000100000000)
  region size 1024K, 15 young (15360K), 1 survivors (1024K)
 Metaspace       used 69199K, committed 70016K, reserved 487424K
  class space    used 9532K, committed 9920K, reserved 421888K
}
Event: 28.355 GC heap after
{Heap after GC invocations=33 (full 0):
 garbage-first heap   total 121856K, used 69458K [0x0000000080000000, 0x0000000100000000)
  region size 1024K, 2 young (2048K), 2 survivors (2048K)
 Metaspace       used 69199K, committed 70016K, reserved 487424K
  class space    used 9532K, committed 9920K, reserved 421888K
}
Event: 29.124 GC heap before
{Heap before GC invocations=34 (full 0):
 garbage-first heap   total 148480K, used 106322K [0x0000000080000000, 0x0000000100000000)
  region size 1024K, 32 young (32768K), 2 survivors (2048K)
 Metaspace       used 71077K, committed 71808K, reserved 487424K
  class space    used 9785K, committed 10112K, reserved 421888K
}
Event: 29.135 GC heap after
{Heap after GC invocations=35 (full 0):
 garbage-first heap   total 148480K, used 72231K [0x0000000080000000, 0x0000000100000000)
  region size 1024K, 4 young (4096K), 4 survivors (4096K)
 Metaspace       used 71077K, committed 71808K, reserved 487424K
  class space    used 9785K, committed 10112K, reserved 421888K
}
Event: 29.210 GC heap before
{Heap before GC invocations=35 (full 0):
 garbage-first heap   total 148480K, used 75303K [0x0000000080000000, 0x0000000100000000)
  region size 1024K, 7 young (7168K), 4 survivors (4096K)
 Metaspace       used 71310K, committed 72064K, reserved 487424K
  class space    used 9812K, committed 10176K, reserved 421888K
}
Event: 29.228 GC heap after
{Heap after GC invocations=36 (full 0):
 garbage-first heap   total 148480K, used 72434K [0x0000000080000000, 0x0000000100000000)
  region size 1024K, 1 young (1024K), 1 survivors (1024K)
 Metaspace       used 71310K, committed 72064K, reserved 487424K
  class space    used 9812K, committed 10176K, reserved 421888K
}
Event: 29.534 GC heap before
{Heap before GC invocations=36 (full 0):
 garbage-first heap   total 148480K, used 84722K [0x0000000080000000, 0x0000000100000000)
  region size 1024K, 14 young (14336K), 1 survivors (1024K)
 Metaspace       used 72374K, committed 73216K, reserved 487424K
  class space    used 9920K, committed 10304K, reserved 421888K
}
Event: 29.538 GC heap after
{Heap after GC invocations=37 (full 0):
 garbage-first heap   total 148480K, used 73089K [0x0000000080000000, 0x0000000100000000)
  region size 1024K, 2 young (2048K), 2 survivors (2048K)
 Metaspace       used 72374K, committed 73216K, reserved 487424K
  class space    used 9920K, committed 10304K, reserved 421888K
}
Event: 30.501 GC heap before
{Heap before GC invocations=38 (full 0):
 garbage-first heap   total 148480K, used 116097K [0x0000000080000000, 0x0000000100000000)
  region size 1024K, 43 young (44032K), 2 survivors (2048K)
 Metaspace       used 73564K, committed 74368K, reserved 487424K
  class space    used 10112K, committed 10496K, reserved 421888K
}
Event: 30.512 GC heap after
{Heap after GC invocations=39 (full 0):
 garbage-first heap   total 148480K, used 76073K [0x0000000080000000, 0x0000000100000000)
  region size 1024K, 5 young (5120K), 5 survivors (5120K)
 Metaspace       used 73564K, committed 74368K, reserved 487424K
  class space    used 10112K, committed 10496K, reserved 421888K
}
Event: 30.535 GC heap before
{Heap before GC invocations=39 (full 0):
 garbage-first heap   total 148480K, used 78121K [0x0000000080000000, 0x0000000100000000)
  region size 1024K, 7 young (7168K), 5 survivors (5120K)
 Metaspace       used 73570K, committed 74368K, reserved 487424K
  class space    used 10112K, committed 10496K, reserved 421888K
}

