# JRE version: OpenJDK Runtime Environment Temurin-17.0.6+10 (17.0.6+10) (build 17.0.6+10)
# Java VM: OpenJDK 64-Bit Server VM Temurin-17.0.6+10 (17.0.6+10, mixed mode, sharing, tiered, compressed oops, compressed class ptrs, g1 gc, windows-amd64)
GC Precious Log:
 CPUs: 4 total, 4 available
 Memory: 8142M
 Large Page Support: Disabled
 NUMA Support: Disabled
 Compressed Oops: Enabled (32-bit)
 Heap Region Size: 1M
 Heap Min Capacity: 8M
 Heap Initial Capacity: 128M
 Heap Max Capacity: 2G
 Pre-touch: Disabled
 Parallel Workers: 4
 Concurrent Workers: 1
 Concurrent Refinement Workers: 4
 Periodic GC: Disabled
Heap:
 garbage-first heap   total 150528K, used 87207K [0x0000000080000000, 0x0000000100000000)
  region size 1024K, 19 young (19456K), 3 survivors (3072K)
 Metaspace       used 71728K, committed 72512K, reserved 487424K
  class space    used 9839K, committed 10240K, reserved 421888K
GC Heap History (20 events):
Event: 21.780 GC heap before
{Heap before GC invocations=21 (full 0):
 garbage-first heap   total 89088K, used 72288K [0x0000000080000000, 0x0000000100000000)
  region size 1024K, 26 young (26624K), 3 survivors (3072K)
 Metaspace       used 55521K, committed 56192K, reserved 471040K
  class space    used 7789K, committed 8064K, reserved 421888K
}
Event: 21.794 GC heap after
{Heap after GC invocations=22 (full 0):
 garbage-first heap   total 89088K, used 50620K [0x0000000080000000, 0x0000000100000000)
  region size 1024K, 4 young (4096K), 4 survivors (4096K)
 Metaspace       used 55521K, committed 56192K, reserved 471040K
  class space    used 7789K, committed 8064K, reserved 421888K
}
Event: 23.324 GC heap before
{Heap before GC invocations=23 (full 0):
 garbage-first heap   total 89088K, used 73148K [0x0000000080000000, 0x0000000100000000)
  region size 1024K, 26 young (26624K), 4 survivors (4096K)
 Metaspace       used 56965K, committed 57664K, reserved 479232K
  class space    used 7963K, committed 8256K, reserved 421888K
}
Event: 23.337 GC heap after
{Heap after GC invocations=24 (full 0):
 garbage-first heap   total 89088K, used 52324K [0x0000000080000000, 0x0000000100000000)
  region size 1024K, 4 young (4096K), 4 survivors (4096K)
 Metaspace       used 56965K, committed 57664K, reserved 479232K
  class space    used 7963K, committed 8256K, reserved 421888K
}
Event: 24.308 GC heap before
{Heap before GC invocations=24 (full 0):
 garbage-first heap   total 89088K, used 71780K [0x0000000080000000, 0x0000000100000000)
  region size 1024K, 24 young (24576K), 4 survivors (4096K)
 Metaspace       used 59113K, committed 59776K, reserved 479232K
  class space    used 8283K, committed 8576K, reserved 421888K
}
Event: 24.322 GC heap after
{Heap after GC invocations=25 (full 0):
 garbage-first heap   total 89088K, used 54804K [0x0000000080000000, 0x0000000100000000)
  region size 1024K, 3 young (3072K), 3 survivors (3072K)
 Metaspace       used 59113K, committed 59776K, reserved 479232K
  class space    used 8283K, committed 8576K, reserved 421888K
}
Event: 25.599 GC heap before
{Heap before GC invocations=26 (full 0):
 garbage-first heap   total 97280K, used 72212K [0x0000000080000000, 0x0000000100000000)
  region size 1024K, 20 young (20480K), 3 survivors (3072K)
 Metaspace       used 61244K, committed 61952K, reserved 479232K
  class space    used 8583K, committed 8896K, reserved 421888K
}
Event: 25.607 GC heap after
{Heap after GC invocations=27 (full 0):
 garbage-first heap   total 97280K, used 56613K [0x0000000080000000, 0x0000000100000000)
  region size 1024K, 2 young (2048K), 2 survivors (2048K)
 Metaspace       used 61244K, committed 61952K, reserved 479232K
  class space    used 8583K, committed 8896K, reserved 421888K
}
Event: 26.577 GC heap before
{Heap before GC invocations=27 (full 0):
 garbage-first heap   total 97280K, used 74021K [0x0000000080000000, 0x0000000100000000)
  region size 1024K, 20 young (20480K), 2 survivors (2048K)
 Metaspace       used 61593K, committed 62336K, reserved 479232K
  class space    used 8610K, committed 8960K, reserved 421888K
}
Event: 26.587 GC heap after
{Heap after GC invocations=28 (full 0):
 garbage-first heap   total 97280K, used 57607K [0x0000000080000000, 0x0000000100000000)
  region size 1024K, 1 young (1024K), 1 survivors (1024K)
 Metaspace       used 61593K, committed 62336K, reserved 479232K
  class space    used 8610K, committed 8960K, reserved 421888K
}
Event: 27.479 GC heap before
{Heap before GC invocations=29 (full 0):
 garbage-first heap   total 106496K, used 81159K [0x0000000080000000, 0x0000000100000000)
  region size 1024K, 23 young (23552K), 1 survivors (1024K)
 Metaspace       used 64193K, committed 64896K, reserved 479232K
  class space    used 8954K, committed 9280K, reserved 421888K
}
Event: 27.488 GC heap after
{Heap after GC invocations=30 (full 0):
 garbage-first heap   total 106496K, used 63323K [0x0000000080000000, 0x0000000100000000)
  region size 1024K, 3 young (3072K), 3 survivors (3072K)
 Metaspace       used 64193K, committed 64896K, reserved 479232K
  class space    used 8954K, committed 9280K, reserved 421888K
}
Event: 27.526 GC heap before
{Heap before GC invocations=30 (full 0):
 garbage-first heap   total 106496K, used 63323K [0x0000000080000000, 0x0000000100000000)
  region size 1024K, 5 young (5120K), 3 survivors (3072K)
 Metaspace       used 64345K, committed 65088K, reserved 479232K
  class space    used 8959K, committed 9280K, reserved 421888K
}
Event: 27.532 GC heap after
{Heap after GC invocations=31 (full 0):
 garbage-first heap   total 106496K, used 64399K [0x0000000080000000, 0x0000000100000000)
  region size 1024K, 2 young (2048K), 2 survivors (2048K)
 Metaspace       used 64345K, committed 65088K, reserved 479232K
  class space    used 8959K, committed 9280K, reserved 421888K
}
Event: 28.286 GC heap before
{Heap before GC invocations=32 (full 0):
 garbage-first heap   total 124928K, used 81807K [0x0000000080000000, 0x0000000100000000)
  region size 1024K, 17 young (17408K), 2 survivors (2048K)
 Metaspace       used 66696K, committed 67392K, reserved 487424K
  class space    used 9221K, committed 9536K, reserved 421888K
}
Event: 28.290 GC heap after
{Heap after GC invocations=33 (full 0):
 garbage-first heap   total 124928K, used 67939K [0x0000000080000000, 0x0000000100000000)
  region size 1024K, 3 young (3072K), 3 survivors (3072K)
 Metaspace       used 66696K, committed 67392K, reserved 487424K
  class space    used 9221K, committed 9536K, reserved 421888K
}
Event: 28.864 GC heap before
{Heap before GC invocations=33 (full 0):
 garbage-first heap   total 124928K, used 83299K [0x0000000080000000, 0x0000000100000000)
  region size 1024K, 19 young (19456K), 3 survivors (3072K)
 Metaspace       used 69312K, committed 70080K, reserved 487424K
  class space    used 9525K, committed 9920K, reserved 421888K
}
Event: 28.869 GC heap after
{Heap after GC invocations=34 (full 0):
 garbage-first heap   total 124928K, used 69694K [0x0000000080000000, 0x0000000100000000)
  region size 1024K, 2 young (2048K), 2 survivors (2048K)
 Metaspace       used 69312K, committed 70080K, reserved 487424K
  class space    used 9525K, committed 9920K, reserved 421888K
}
Event: 29.434 GC heap before
{Heap before GC invocations=35 (full 0):
 garbage-first heap   total 150528K, used 97342K [0x0000000080000000, 0x0000000100000000)
  region size 1024K, 23 young (23552K), 2 survivors (2048K)
 Metaspace       used 70467K, committed 71232K, reserved 487424K
  class space    used 9685K, committed 10048K, reserved 421888K
}
Event: 29.443 GC heap after
{Heap after GC invocations=36 (full 0):
 garbage-first heap   total 150528K, used 71847K [0x0000000080000000, 0x0000000100000000)
  region size 1024K, 3 young (3072K), 3 survivors (3072K)
 Metaspace       used 70467K, committed 71232K, reserved 487424K
  class space    used 9685K, committed 10048K, reserved 421888K
}

