# JRE version: OpenJDK Runtime Environment Temurin-17.0.6+10 (17.0.6+10) (build 17.0.6+10)
# Java VM: OpenJDK 64-Bit Server VM Temurin-17.0.6+10 (17.0.6+10, mixed mode, sharing, tiered, compressed oops, compressed class ptrs, g1 gc, windows-amd64)
GC Precious Log:
 CPUs: 4 total, 4 available
 Memory: 8142M
 Large Page Support: Disabled
 NUMA Support: Disabled
 Compressed Oops: Enabled (32-bit)
 Heap Region Size: 1M
 Heap Min Capacity: 8M
 Heap Initial Capacity: 128M
 Heap Max Capacity: 2G
 Pre-touch: Disabled
 Parallel Workers: 4
 Concurrent Workers: 1
 Concurrent Refinement Workers: 4
 Periodic GC: Disabled
Heap:
 garbage-first heap   total 106496K, used 64449K [0x0000000080000000, 0x0000000100000000)
  region size 1024K, 4 young (4096K), 2 survivors (2048K)
 Metaspace       used 62853K, committed 63488K, reserved 479232K
  class space    used 8765K, committed 9024K, reserved 421888K
GC Heap History (20 events):
Event: 31.870 GC heap before
{Heap before GC invocations=19 (full 0):
 garbage-first heap   total 83968K, used 67101K [0x0000000080000000, 0x0000000100000000)
  region size 1024K, 22 young (22528K), 2 survivors (2048K)
 Metaspace       used 53195K, committed 53824K, reserved 471040K
  class space    used 7438K, committed 7744K, reserved 421888K
}
Event: 31.878 GC heap after
{Heap after GC invocations=20 (full 0):
 garbage-first heap   total 83968K, used 48059K [0x0000000080000000, 0x0000000100000000)
  region size 1024K, 3 young (3072K), 3 survivors (3072K)
 Metaspace       used 53195K, committed 53824K, reserved 471040K
  class space    used 7438K, committed 7744K, reserved 421888K
}
Event: 31.926 GC heap before
{Heap before GC invocations=20 (full 0):
 garbage-first heap   total 83968K, used 49083K [0x0000000080000000, 0x0000000100000000)
  region size 1024K, 4 young (4096K), 3 survivors (3072K)
 Metaspace       used 53297K, committed 53888K, reserved 471040K
  class space    used 7458K, committed 7744K, reserved 421888K
}
Event: 31.931 GC heap after
{Heap after GC invocations=21 (full 0):
 garbage-first heap   total 83968K, used 48284K [0x0000000080000000, 0x0000000100000000)
  region size 1024K, 1 young (1024K), 1 survivors (1024K)
 Metaspace       used 53297K, committed 53888K, reserved 471040K
  class space    used 7458K, committed 7744K, reserved 421888K
}
Event: 32.814 GC heap before
{Heap before GC invocations=21 (full 0):
 garbage-first heap   total 83968K, used 68764K [0x0000000080000000, 0x0000000100000000)
  region size 1024K, 21 young (21504K), 1 survivors (1024K)
 Metaspace       used 54654K, committed 55232K, reserved 471040K
  class space    used 7675K, committed 7936K, reserved 421888K
}
Event: 32.819 GC heap after
{Heap after GC invocations=22 (full 0):
 garbage-first heap   total 83968K, used 49611K [0x0000000080000000, 0x0000000100000000)
  region size 1024K, 2 young (2048K), 2 survivors (2048K)
 Metaspace       used 54654K, committed 55232K, reserved 471040K
  class space    used 7675K, committed 7936K, reserved 421888K
}
Event: 34.343 GC heap before
{Heap before GC invocations=23 (full 0):
 garbage-first heap   total 89088K, used 69067K [0x0000000080000000, 0x0000000100000000)
  region size 1024K, 21 young (21504K), 2 survivors (2048K)
 Metaspace       used 55984K, committed 56576K, reserved 471040K
  class space    used 7843K, committed 8128K, reserved 421888K
}
Event: 34.350 GC heap after
{Heap after GC invocations=24 (full 0):
 garbage-first heap   total 89088K, used 51187K [0x0000000080000000, 0x0000000100000000)
  region size 1024K, 2 young (2048K), 2 survivors (2048K)
 Metaspace       used 55984K, committed 56576K, reserved 471040K
  class space    used 7843K, committed 8128K, reserved 421888K
}
Event: 34.409 GC heap before
{Heap before GC invocations=24 (full 0):
 garbage-first heap   total 89088K, used 53235K [0x0000000080000000, 0x0000000100000000)
  region size 1024K, 4 young (4096K), 2 survivors (2048K)
 Metaspace       used 56123K, committed 56640K, reserved 471040K
  class space    used 7865K, committed 8128K, reserved 421888K
}
Event: 34.420 GC heap after
{Heap after GC invocations=25 (full 0):
 garbage-first heap   total 89088K, used 50860K [0x0000000080000000, 0x0000000100000000)
  region size 1024K, 1 young (1024K), 1 survivors (1024K)
 Metaspace       used 56123K, committed 56640K, reserved 471040K
  class space    used 7865K, committed 8128K, reserved 421888K
}
Event: 35.401 GC heap before
{Heap before GC invocations=25 (full 0):
 garbage-first heap   total 89088K, used 72364K [0x0000000080000000, 0x0000000100000000)
  region size 1024K, 23 young (23552K), 1 survivors (1024K)
 Metaspace       used 58294K, committed 58880K, reserved 479232K
  class space    used 8194K, committed 8448K, reserved 421888K
}
Event: 35.408 GC heap after
{Heap after GC invocations=26 (full 0):
 garbage-first heap   total 89088K, used 52995K [0x0000000080000000, 0x0000000100000000)
  region size 1024K, 3 young (3072K), 3 survivors (3072K)
 Metaspace       used 58294K, committed 58880K, reserved 479232K
  class space    used 8194K, committed 8448K, reserved 421888K
}
Event: 36.347 GC heap before
{Heap before GC invocations=27 (full 0):
 garbage-first heap   total 94208K, used 72451K [0x0000000080000000, 0x0000000100000000)
  region size 1024K, 22 young (22528K), 3 survivors (3072K)
 Metaspace       used 59912K, committed 60544K, reserved 479232K
  class space    used 8399K, committed 8704K, reserved 421888K
}
Event: 36.356 GC heap after
{Heap after GC invocations=28 (full 0):
 garbage-first heap   total 94208K, used 54922K [0x0000000080000000, 0x0000000100000000)
  region size 1024K, 2 young (2048K), 2 survivors (2048K)
 Metaspace       used 59912K, committed 60544K, reserved 479232K
  class space    used 8399K, committed 8704K, reserved 421888K
}
Event: 36.689 GC heap before
{Heap before GC invocations=28 (full 0):
 garbage-first heap   total 94208K, used 64138K [0x0000000080000000, 0x0000000100000000)
  region size 1024K, 12 young (12288K), 2 survivors (2048K)
 Metaspace       used 59996K, committed 60608K, reserved 479232K
  class space    used 8403K, committed 8704K, reserved 421888K
}
Event: 36.695 GC heap after
{Heap after GC invocations=29 (full 0):
 garbage-first heap   total 94208K, used 55557K [0x0000000080000000, 0x0000000100000000)
  region size 1024K, 1 young (1024K), 1 survivors (1024K)
 Metaspace       used 59996K, committed 60608K, reserved 479232K
  class space    used 8403K, committed 8704K, reserved 421888K
}
Event: 37.589 GC heap before
{Heap before GC invocations=30 (full 0):
 garbage-first heap   total 106496K, used 79109K [0x0000000080000000, 0x0000000100000000)
  region size 1024K, 23 young (23552K), 1 survivors (1024K)
 Metaspace       used 62601K, committed 63168K, reserved 479232K
  class space    used 8747K, committed 9024K, reserved 421888K
}
Event: 37.595 GC heap after
{Heap after GC invocations=31 (full 0):
 garbage-first heap   total 106496K, used 60991K [0x0000000080000000, 0x0000000100000000)
  region size 1024K, 3 young (3072K), 3 survivors (3072K)
 Metaspace       used 62601K, committed 63168K, reserved 479232K
  class space    used 8747K, committed 9024K, reserved 421888K
}
Event: 37.887 GC heap before
{Heap before GC invocations=31 (full 0):
 garbage-first heap   total 106496K, used 60991K [0x0000000080000000, 0x0000000100000000)
  region size 1024K, 5 young (5120K), 3 survivors (3072K)
 Metaspace       used 62753K, committed 63360K, reserved 479232K
  class space    used 8752K, committed 9024K, reserved 421888K
}
Event: 37.890 GC heap after
{Heap after GC invocations=32 (full 0):
 garbage-first heap   total 106496K, used 62401K [0x0000000080000000, 0x0000000100000000)
  region size 1024K, 2 young (2048K), 2 survivors (2048K)
 Metaspace       used 62753K, committed 63360K, reserved 479232K
  class space    used 8752K, committed 9024K, reserved 421888K
}

