# JRE version: OpenJDK Runtime Environment Temurin-17.0.6+10 (17.0.6+10) (build 17.0.6+10)
# Java VM: OpenJDK 64-Bit Server VM Temurin-17.0.6+10 (17.0.6+10, mixed mode, sharing, tiered, compressed oops, compressed class ptrs, g1 gc, windows-amd64)
GC Precious Log:
 CPUs: 4 total, 4 available
 Memory: 8142M
 Large Page Support: Disabled
 NUMA Support: Disabled
 Compressed Oops: Enabled (32-bit)
 Heap Region Size: 1M
 Heap Min Capacity: 8M
 Heap Initial Capacity: 128M
 Heap Max Capacity: 2G
 Pre-touch: Disabled
 Parallel Workers: 4
 Concurrent Workers: 1
 Concurrent Refinement Workers: 4
 Periodic GC: Disabled
Heap:
 garbage-first heap   total 220160K, used 132958K [0x0000000080000000, 0x0000000100000000)
  region size 1024K, 5 young (5120K), 5 survivors (5120K)
 Metaspace       used 93616K, committed 94528K, reserved 503808K
  class space    used 12915K, committed 13312K, reserved 421888K
GC Heap History (20 events):
Event: 56.079 GC heap after
{Heap after GC invocations=42 (full 0):
 garbage-first heap   total 189440K, used 80722K [0x0000000080000000, 0x0000000100000000)
  region size 1024K, 5 young (5120K), 5 survivors (5120K)
 Metaspace       used 78301K, committed 78976K, reserved 495616K
  class space    used 10931K, committed 11264K, reserved 421888K
}
Event: 56.555 GC heap before
{Heap before GC invocations=42 (full 0):
 garbage-first heap   total 189440K, used 93010K [0x0000000080000000, 0x0000000100000000)
  region size 1024K, 17 young (17408K), 5 survivors (5120K)
 Metaspace       used 78746K, committed 79488K, reserved 495616K
  class space    used 10976K, committed 11328K, reserved 421888K
}
Event: 56.564 GC heap after
{Heap after GC invocations=43 (full 0):
 garbage-first heap   total 189440K, used 84153K [0x0000000080000000, 0x0000000100000000)
  region size 1024K, 6 young (6144K), 6 survivors (6144K)
 Metaspace       used 78746K, committed 79488K, reserved 495616K
  class space    used 10976K, committed 11328K, reserved 421888K
}
Event: 57.637 GC heap before
{Heap before GC invocations=43 (full 0):
 garbage-first heap   total 189440K, used 118969K [0x0000000080000000, 0x0000000100000000)
  region size 1024K, 37 young (37888K), 6 survivors (6144K)
 Metaspace       used 80131K, committed 80960K, reserved 495616K
  class space    used 11201K, committed 11584K, reserved 421888K
}
Event: 57.653 GC heap after
{Heap after GC invocations=44 (full 0):
 garbage-first heap   total 189440K, used 93793K [0x0000000080000000, 0x0000000100000000)
  region size 1024K, 7 young (7168K), 7 survivors (7168K)
 Metaspace       used 80131K, committed 80960K, reserved 495616K
  class space    used 11201K, committed 11584K, reserved 421888K
}
Event: 59.290 GC heap before
{Heap before GC invocations=45 (full 0):
 garbage-first heap   total 189440K, used 142945K [0x0000000080000000, 0x0000000100000000)
  region size 1024K, 51 young (52224K), 7 survivors (7168K)
 Metaspace       used 82493K, committed 83328K, reserved 495616K
  class space    used 11482K, committed 11904K, reserved 421888K
}
Event: 59.307 GC heap after
{Heap after GC invocations=46 (full 0):
 garbage-first heap   total 189440K, used 105313K [0x0000000080000000, 0x0000000100000000)
  region size 1024K, 7 young (7168K), 7 survivors (7168K)
 Metaspace       used 82493K, committed 83328K, reserved 495616K
  class space    used 11482K, committed 11904K, reserved 421888K
}
Event: 59.331 GC heap before
{Heap before GC invocations=46 (full 0):
 garbage-first heap   total 189440K, used 107361K [0x0000000080000000, 0x0000000100000000)
  region size 1024K, 9 young (9216K), 7 survivors (7168K)
 Metaspace       used 82493K, committed 83328K, reserved 495616K
  class space    used 11482K, committed 11904K, reserved 421888K
}
Event: 59.344 GC heap after
{Heap after GC invocations=47 (full 0):
 garbage-first heap   total 189440K, used 108012K [0x0000000080000000, 0x0000000100000000)
  region size 1024K, 2 young (2048K), 2 survivors (2048K)
 Metaspace       used 82493K, committed 83328K, reserved 495616K
  class space    used 11482K, committed 11904K, reserved 421888K
}
Event: 60.260 GC heap before
{Heap before GC invocations=47 (full 0):
 garbage-first heap   total 189440K, used 148972K [0x0000000080000000, 0x0000000100000000)
  region size 1024K, 40 young (40960K), 2 survivors (2048K)
 Metaspace       used 85214K, committed 86080K, reserved 503808K
  class space    used 11836K, committed 12224K, reserved 421888K
}
Event: 60.272 GC heap after
{Heap after GC invocations=48 (full 0):
 garbage-first heap   total 189440K, used 118784K [0x0000000080000000, 0x0000000100000000)
  region size 1024K, 5 young (5120K), 5 survivors (5120K)
 Metaspace       used 85214K, committed 86080K, reserved 503808K
  class space    used 11836K, committed 12224K, reserved 421888K
}
Event: 61.155 GC heap before
{Heap before GC invocations=48 (full 0):
 garbage-first heap   total 189440K, used 152576K [0x0000000080000000, 0x0000000100000000)
  region size 1024K, 38 young (38912K), 5 survivors (5120K)
 Metaspace       used 89600K, committed 90496K, reserved 503808K
  class space    used 12458K, committed 12864K, reserved 421888K
}
Event: 61.166 GC heap after
{Heap after GC invocations=49 (full 0):
 garbage-first heap   total 189440K, used 120659K [0x0000000080000000, 0x0000000100000000)
  region size 1024K, 3 young (3072K), 3 survivors (3072K)
 Metaspace       used 89600K, committed 90496K, reserved 503808K
  class space    used 12458K, committed 12864K, reserved 421888K
}
Event: 62.199 GC heap before
{Heap before GC invocations=49 (full 0):
 garbage-first heap   total 189440K, used 154451K [0x0000000080000000, 0x0000000100000000)
  region size 1024K, 36 young (36864K), 3 survivors (3072K)
 Metaspace       used 91276K, committed 92160K, reserved 503808K
  class space    used 12659K, committed 13056K, reserved 421888K
}
Event: 62.216 GC heap after
{Heap after GC invocations=50 (full 0):
 garbage-first heap   total 189440K, used 124896K [0x0000000080000000, 0x0000000100000000)
  region size 1024K, 5 young (5120K), 5 survivors (5120K)
 Metaspace       used 91276K, committed 92160K, reserved 503808K
  class space    used 12659K, committed 13056K, reserved 421888K
}
Event: 63.197 GC heap before
{Heap before GC invocations=51 (full 0):
 garbage-first heap   total 220160K, used 154592K [0x0000000080000000, 0x0000000100000000)
  region size 1024K, 34 young (34816K), 5 survivors (5120K)
 Metaspace       used 91816K, committed 92672K, reserved 503808K
  class space    used 12702K, committed 13120K, reserved 421888K
}
Event: 63.219 GC heap after
{Heap after GC invocations=52 (full 0):
 garbage-first heap   total 220160K, used 128950K [0x0000000080000000, 0x0000000100000000)
  region size 1024K, 4 young (4096K), 4 survivors (4096K)
 Metaspace       used 91816K, committed 92672K, reserved 503808K
  class space    used 12702K, committed 13120K, reserved 421888K
}
Event: 63.331 GC heap before
{Heap before GC invocations=52 (full 0):
 garbage-first heap   total 220160K, used 135094K [0x0000000080000000, 0x0000000100000000)
  region size 1024K, 10 young (10240K), 4 survivors (4096K)
 Metaspace       used 91956K, committed 92800K, reserved 503808K
  class space    used 12717K, committed 13120K, reserved 421888K
}
Event: 63.339 GC heap after
{Heap after GC invocations=53 (full 0):
 garbage-first heap   total 220160K, used 129231K [0x0000000080000000, 0x0000000100000000)
  region size 1024K, 1 young (1024K), 1 survivors (1024K)
 Metaspace       used 91956K, committed 92800K, reserved 503808K
  class space    used 12717K, committed 13120K, reserved 421888K
}
Event: 64.074 GC heap before
{Heap before GC invocations=53 (full 0):
 garbage-first heap   total 220160K, used 174287K [0x0000000080000000, 0x0000000100000000)
  region size 1024K, 45 young (46080K), 1 survivors (1024K)
 Metaspace       used 93616K, committed 94528K, reserved 503808K
  class space    used 12915K, committed 13312K, reserved 421888K
}

